[2023-12-07 10:43:12 [32mINFO [0;39m restartedMain] [com.green.greengram2.Greengram2Application] [36mStarting Greengram2Application using Java 17.0.8.1 with PID 7724 (D:\2023_second\java\greengram2\target\classes started by Administrator in D:\2023_second\java\greengram2)[0;39m
[2023-12-07 10:43:12 [32mINFO [0;39m restartedMain] [com.green.greengram2.Greengram2Application] [36mNo active profile set, falling back to 1 default profile: "default"[0;39m
[2023-12-07 10:43:12 [32mINFO [0;39m restartedMain] [org.springframework.boot.devtools.env.DevToolsPropertyDefaultsPostProcessor] [36mDevtools property defaults active! Set 'spring.devtools.add-properties' to 'false' to disable[0;39m
[2023-12-07 10:43:12 [32mINFO [0;39m restartedMain] [org.springframework.boot.devtools.env.DevToolsPropertyDefaultsPostProcessor] [36mFor additional web related logging consider setting the 'logging.level.web' property to 'DEBUG'[0;39m
[2023-12-07 10:43:13 [32mINFO [0;39m restartedMain] [org.springframework.boot.web.embedded.tomcat.TomcatWebServer] [36mTomcat initialized with port(s): 8082 (http)[0;39m
[2023-12-07 10:43:13 [32mINFO [0;39m restartedMain] [org.apache.coyote.http11.Http11NioProtocol] [36mInitializing ProtocolHandler ["http-nio-8082"][0;39m
[2023-12-07 10:43:13 [32mINFO [0;39m restartedMain] [org.apache.catalina.core.StandardService] [36mStarting service [Tomcat][0;39m
[2023-12-07 10:43:13 [32mINFO [0;39m restartedMain] [org.apache.catalina.core.StandardEngine] [36mStarting Servlet engine: [Apache Tomcat/10.1.15][0;39m
[2023-12-07 10:43:13 [32mINFO [0;39m restartedMain] [org.apache.catalina.core.ContainerBase.[Tomcat].[localhost].[/]] [36mInitializing Spring embedded WebApplicationContext[0;39m
[2023-12-07 10:43:13 [32mINFO [0;39m restartedMain] [org.springframework.boot.web.servlet.context.ServletWebServerApplicationContext] [36mRoot WebApplicationContext: initialization completed in 897 ms[0;39m
[2023-12-07 10:43:13 [32mINFO [0;39m restartedMain] [org.springframework.boot.autoconfigure.web.servlet.WelcomePageHandlerMapping] [36mAdding welcome page: class path resource [static/index.html][0;39m
[2023-12-07 10:43:13 [32mINFO [0;39m restartedMain] [org.springframework.boot.devtools.autoconfigure.OptionalLiveReloadServer] [36mLiveReload server is running on port 35729[0;39m
[2023-12-07 10:43:13 [32mINFO [0;39m restartedMain] [org.apache.coyote.http11.Http11NioProtocol] [36mStarting ProtocolHandler ["http-nio-8082"][0;39m
[2023-12-07 10:43:13 [32mINFO [0;39m restartedMain] [org.springframework.boot.web.embedded.tomcat.TomcatWebServer] [36mTomcat started on port(s): 8082 (http) with context path ''[0;39m
[2023-12-07 10:43:13 [32mINFO [0;39m restartedMain] [com.green.greengram2.Greengram2Application] [36mStarted Greengram2Application in 1.895 seconds (process running for 2.39)[0;39m
[2023-12-07 10:43:36 [32mINFO [0;39m http-nio-8082-exec-1] [org.apache.catalina.core.ContainerBase.[Tomcat].[localhost].[/]] [36mInitializing Spring DispatcherServlet 'dispatcherServlet'[0;39m
[2023-12-07 10:43:36 [32mINFO [0;39m http-nio-8082-exec-1] [org.springframework.web.servlet.DispatcherServlet] [36mInitializing Servlet 'dispatcherServlet'[0;39m
[2023-12-07 10:43:36 [32mINFO [0;39m http-nio-8082-exec-1] [org.springframework.web.servlet.DispatcherServlet] [36mCompleted initialization in 0 ms[0;39m
[2023-12-07 10:43:41 [32mINFO [0;39m http-nio-8082-exec-3] [com.green.greengram2.user.UserControllor] [36mdto : UserSigninDto(uid=동현이, upw=0000)[0;39m
[2023-12-07 10:43:41 [32mINFO [0;39m http-nio-8082-exec-3] [com.zaxxer.hikari.HikariDataSource] [36mHikariPool-1 - Starting...[0;39m
[2023-12-07 10:43:41 [32mINFO [0;39m http-nio-8082-exec-3] [com.zaxxer.hikari.pool.HikariPool] [36mHikariPool-1 - Added connection org.mariadb.jdbc.Connection@7ccbbaed[0;39m
[2023-12-07 10:43:41 [32mINFO [0;39m http-nio-8082-exec-3] [com.zaxxer.hikari.HikariDataSource] [36mHikariPool-1 - Start completed.[0;39m
[2023-12-07 10:43:45 [32mINFO [0;39m http-nio-8082-exec-8] [com.green.greengram2.user.UserControllor] [36mdto : UserSigninDto(uid=동현이, upw=12345)[0;39m
[2023-12-07 10:43:45 [32mINFO [0;39m http-nio-8082-exec-9] [com.green.greengram2.feed.FeedControllor] [36mtargetIuser : 0[0;39m
[2023-12-07 10:43:49 [32mINFO [0;39m http-nio-8082-exec-6] [com.green.greengram2.feed.FeedControllor] [36mdto : FeedInsDto(iuser=19, contents=ㄴㅇㅁ, location=ㅁㄴㅇㅁㄴㅇ, pics=[ㄴㅇ])[0;39m
[2023-12-07 19:13:35 [33mWARN [0;39m HikariPool-1 housekeeper] [com.zaxxer.hikari.pool.HikariPool] [36mHikariPool-1 - Thread starvation or clock leap detected (housekeeper delta=33m16s488ms958µs101ns).[0;39m
[2023-12-07 19:22:26 [32mINFO [0;39m SpringApplicationShutdownHook] [com.zaxxer.hikari.HikariDataSource] [36mHikariPool-1 - Shutdown initiated...[0;39m
[2023-12-07 19:22:26 [32mINFO [0;39m SpringApplicationShutdownHook] [com.zaxxer.hikari.HikariDataSource] [36mHikariPool-1 - Shutdown completed.[0;39m
[2023-12-07 19:48:11 [32mINFO [0;39m restartedMain] [com.green.greengram2.Greengram2Application] [36mStarting Greengram2Application using Java 17.0.8.1 with PID 10100 (D:\2023_second\java\greengram2\target\classes started by Administrator in D:\2023_second\java\greengram2)[0;39m
[2023-12-07 19:48:11 [32mINFO [0;39m restartedMain] [com.green.greengram2.Greengram2Application] [36mNo active profile set, falling back to 1 default profile: "default"[0;39m
[2023-12-07 19:48:11 [32mINFO [0;39m restartedMain] [org.springframework.boot.devtools.env.DevToolsPropertyDefaultsPostProcessor] [36mDevtools property defaults active! Set 'spring.devtools.add-properties' to 'false' to disable[0;39m
[2023-12-07 19:48:11 [32mINFO [0;39m restartedMain] [org.springframework.boot.devtools.env.DevToolsPropertyDefaultsPostProcessor] [36mFor additional web related logging consider setting the 'logging.level.web' property to 'DEBUG'[0;39m
[2023-12-07 19:48:12 [32mINFO [0;39m restartedMain] [org.springframework.boot.web.embedded.tomcat.TomcatWebServer] [36mTomcat initialized with port(s): 8082 (http)[0;39m
[2023-12-07 19:48:12 [32mINFO [0;39m restartedMain] [org.apache.coyote.http11.Http11NioProtocol] [36mInitializing ProtocolHandler ["http-nio-8082"][0;39m
[2023-12-07 19:48:12 [32mINFO [0;39m restartedMain] [org.apache.catalina.core.StandardService] [36mStarting service [Tomcat][0;39m
[2023-12-07 19:48:12 [32mINFO [0;39m restartedMain] [org.apache.catalina.core.StandardEngine] [36mStarting Servlet engine: [Apache Tomcat/10.1.15][0;39m
[2023-12-07 19:48:12 [32mINFO [0;39m restartedMain] [org.apache.catalina.core.ContainerBase.[Tomcat].[localhost].[/]] [36mInitializing Spring embedded WebApplicationContext[0;39m
[2023-12-07 19:48:12 [32mINFO [0;39m restartedMain] [org.springframework.boot.web.servlet.context.ServletWebServerApplicationContext] [36mRoot WebApplicationContext: initialization completed in 776 ms[0;39m
[2023-12-07 19:48:12 [32mINFO [0;39m restartedMain] [org.springframework.boot.autoconfigure.web.servlet.WelcomePageHandlerMapping] [36mAdding welcome page: class path resource [static/index.html][0;39m
[2023-12-07 19:48:12 [32mINFO [0;39m restartedMain] [org.springframework.boot.devtools.autoconfigure.OptionalLiveReloadServer] [36mLiveReload server is running on port 35729[0;39m
[2023-12-07 19:48:12 [32mINFO [0;39m restartedMain] [org.apache.coyote.http11.Http11NioProtocol] [36mStarting ProtocolHandler ["http-nio-8082"][0;39m
[2023-12-07 19:48:12 [32mINFO [0;39m restartedMain] [org.springframework.boot.web.embedded.tomcat.TomcatWebServer] [36mTomcat started on port(s): 8082 (http) with context path ''[0;39m
[2023-12-07 19:48:12 [32mINFO [0;39m restartedMain] [com.green.greengram2.Greengram2Application] [36mStarted Greengram2Application in 1.595 seconds (process running for 1.964)[0;39m
[2023-12-07 19:48:14 [32mINFO [0;39m http-nio-8082-exec-1] [org.apache.catalina.core.ContainerBase.[Tomcat].[localhost].[/]] [36mInitializing Spring DispatcherServlet 'dispatcherServlet'[0;39m
[2023-12-07 19:48:14 [32mINFO [0;39m http-nio-8082-exec-1] [org.springframework.web.servlet.DispatcherServlet] [36mInitializing Servlet 'dispatcherServlet'[0;39m
[2023-12-07 19:48:14 [32mINFO [0;39m http-nio-8082-exec-1] [org.springframework.web.servlet.DispatcherServlet] [36mCompleted initialization in 1 ms[0;39m
[2023-12-07 19:48:14 [32mINFO [0;39m http-nio-8082-exec-7] [com.green.greengram2.feed.FeedControllor] [36mtargetIuser : 0[0;39m
[2023-12-07 19:48:14 [32mINFO [0;39m http-nio-8082-exec-7] [com.zaxxer.hikari.HikariDataSource] [36mHikariPool-1 - Starting...[0;39m
[2023-12-07 19:48:14 [32mINFO [0;39m http-nio-8082-exec-7] [com.zaxxer.hikari.pool.HikariPool] [36mHikariPool-1 - Added connection org.mariadb.jdbc.Connection@5f59d65c[0;39m
[2023-12-07 19:48:14 [32mINFO [0;39m http-nio-8082-exec-7] [com.zaxxer.hikari.HikariDataSource] [36mHikariPool-1 - Start completed.[0;39m
[2023-12-07 19:48:27 [32mINFO [0;39m http-nio-8082-exec-8] [com.green.greengram2.feed.FeedControllor] [36mtargetIuser : 19[0;39m
[2023-12-07 19:48:27 [32mINFO [0;39m http-nio-8082-exec-6] [com.green.greengram2.user.UserControllor] [36mtargetIuser : 19[0;39m
[2023-12-07 20:39:34 [32mINFO [0;39m SpringApplicationShutdownHook] [com.zaxxer.hikari.HikariDataSource] [36mHikariPool-1 - Shutdown initiated...[0;39m
[2023-12-07 20:39:34 [32mINFO [0;39m SpringApplicationShutdownHook] [com.zaxxer.hikari.HikariDataSource] [36mHikariPool-1 - Shutdown completed.[0;39m
